<?xml version="1.0" encoding="UTF-8"?>
<!-- Generated by org.testng.reporters.JUnitXMLReporter -->
<testsuite hostname="LAPTOP-LDDE6EAS" name="Test" tests="9" failures="1" timestamp="4 Jun 2019 22:29:59 GMT" time="0.098" errors="0">
  <testcase name="test1" time="0.004" classname="com.testing.Testing1"/>
  <testcase name="test2" time="0.0" classname="com.testing.Testing1"/>
  <testcase name="f" time="0.016" classname="com.testing.Testing1"/>
  <testcase name="f" time="0.0" classname="com.testing.Testing1"/>
  <testcase name="test4" time="0.0" classname="com.testing.Testing2"/>
  <testcase name="test3" time="0.0" classname="com.testing.Testing2"/>
  <testcase name="homeTest" time="0.015" classname="com.testing.Testing3"/>
  <testcase name="mainTest" time="0.0" classname="com.testing.Testing3">
    <failure type="java.lang.AssertionError" message="The following asserts failed:
Verifying Element">
      <![CDATA[java.lang.AssertionError: The following asserts failed:
Verifying Element
	at com.testing.Testing3.mainTest(Testing3.java:31)
... Removed 25 stack frames]]>
    </failure>
  </testcase> <!-- mainTest -->
  <testcase name="endTest" time="0.0" classname="com.testing.Testing3">
    <skipped/>
  </testcase> <!-- endTest -->
</testsuite> <!-- Test -->
